CMake Warning at /home/zlj/.miniconda3/envs/tgnn_3.10/lib/python3.10/site-packages/torch/share/cmake/Torch/TorchConfig.cmake:22 (message):
  static library kineto_LIBRARY-NOTFOUND not found.
Call Stack (most recent call first):
  /home/zlj/.miniconda3/envs/tgnn_3.10/lib/python3.10/site-packages/torch/share/cmake/Torch/TorchConfig.cmake:127 (append_torchlib_if_found)
  CMakeLists.txt:28 (find_package)


CMake Warning at CMakeLists.txt:62 (add_library):
  Cannot generate a safe runtime search path for target starrygl_sampler
  because files in some directories may conflict with libraries in implicit
  directories:

    runtime library [libgomp.so.1] in /usr/lib/gcc/x86_64-linux-gnu/9 may be hidden by files in:
      /home/zlj/.miniconda3/envs/tgnn_3.10/lib

  Some of these libraries may not be found correctly.


CMake Warning at CMakeLists.txt:62 (add_library):
  Cannot generate a safe runtime search path for target starrygl_sampler
  because there is a cycle in the constraint graph:

    dir 0 is [/lib/intel64]
    dir 1 is [/lib/intel64_win]
    dir 2 is [/lib/win-x64]
    dir 3 is [/home/zlj/.miniconda3/envs/tgnn_3.10/lib/python3.10/site-packages/torch/lib]
      dir 4 must precede it due to runtime library [libcublas.so.11]
    dir 4 is [/home/zlj/local/cuda-11.8/lib64]
      dir 5 must precede it due to runtime library [libnvToolsExt.so.1]
    dir 5 is [/home/zlj/.miniconda3/envs/tgnn_3.10/lib]
      dir 4 must precede it due to runtime library [libnvrtc.so.11.2]

  Some of these libraries may not be found correctly.


CMake Warning at CMakeLists.txt:63 (add_library):
  Cannot generate a safe runtime search path for target starrygl_comm because
  files in some directories may conflict with libraries in implicit
  directories:

    runtime library [libcudart.so.11.0] in /home/zlj/local/cuda-11.8/lib64 may be hidden by files in:
      /home/zlj/.miniconda3/envs/tgnn_3.10/lib
    runtime library [libnvrtc.so.11.2] in /home/zlj/local/cuda-11.8/lib64 may be hidden by files in:
      /home/zlj/.miniconda3/envs/tgnn_3.10/lib
    runtime library [libgomp.so.1] in /usr/lib/gcc/x86_64-linux-gnu/9 may be hidden by files in:
      /home/zlj/.miniconda3/envs/tgnn_3.10/lib
    runtime library [libnvToolsExt.so.1] in /home/zlj/local/cuda-11.8/lib64 may be hidden by files in:
      /home/zlj/.miniconda3/envs/tgnn_3.10/lib
    runtime library [libcufft.so.10] in /home/zlj/local/cuda-11.8/lib64 may be hidden by files in:
      /home/zlj/.miniconda3/envs/tgnn_3.10/lib
    runtime library [libcurand.so.10] in /home/zlj/local/cuda-11.8/lib64 may be hidden by files in:
      /home/zlj/.miniconda3/envs/tgnn_3.10/lib
    runtime library [libcublas.so.11] in /home/zlj/local/cuda-11.8/lib64 may be hidden by files in:
      /home/zlj/.miniconda3/envs/tgnn_3.10/lib/python3.10/site-packages/torch/lib
      /home/zlj/.miniconda3/envs/tgnn_3.10/lib
    runtime library [libcublasLt.so.11] in /home/zlj/local/cuda-11.8/lib64 may be hidden by files in:
      /home/zlj/.miniconda3/envs/tgnn_3.10/lib/python3.10/site-packages/torch/lib
      /home/zlj/.miniconda3/envs/tgnn_3.10/lib

  Some of these libraries may not be found correctly.


/home/zlj/Starrygl-v2.0/csrc/include/starrygl/sample.cu.hpp(657): warning #177-D: variable "local_count_row" was declared but never referenced

/home/zlj/Starrygl-v2.0/csrc/include/starrygl/sample.cu.hpp(846): warning #177-D: variable "node" was declared but never referenced

/home/zlj/Starrygl-v2.0/csrc/include/starrygl/sample.cu.hpp(847): warning #177-D: variable "ts" was declared but never referenced

/home/zlj/Starrygl-v2.0/csrc/include/starrygl/sample.cu.hpp(860): warning #177-D: variable "node" was declared but never referenced

/home/zlj/Starrygl-v2.0/csrc/include/starrygl/sample.cu.hpp(861): warning #177-D: variable "ts" was declared but never referenced

/home/zlj/Starrygl-v2.0/csrc/include/starrygl/feature.cu.hpp(286): warning #1143-D: arithmetic on pointer to void or function type

/home/zlj/Starrygl-v2.0/csrc/include/starrygl/sample.cu.hpp(236): error: expected an identifier

/home/zlj/local/cuda-11.8/include/thrust/system/cuda/detail/sort.h(494): error: too few arguments in function call
          detected during:
            instantiation of "void thrust::cuda_cub::__merge_sort::BlockSortAgent<KeysIt, ItemsIt, Size, CompareOp, SORT_ITEMS, STABLE>::impl::consume_tile<IS_LAST_TILE>(int, Size, Size, int) [with KeysIt=thrust::detail::normal_iterator<thrust::device_ptr<Edge<T, TS>>>, ItemsIt=Edge<T, TS> *, Size=signed long, CompareOp=__nv_bool (*)(const Edge<T, TS> &, const Edge<T, TS> &, const CUDAGraph::T *), SORT_ITEMS=thrust::detail::false_type, STABLE=thrust::detail::false_type, IS_LAST_TILE=false]" 
(601): here
            instantiation of "thrust::cuda_cub::__merge_sort::BlockSortAgent<KeysIt, ItemsIt, Size, CompareOp, SORT_ITEMS, STABLE>::impl::impl(__nv_bool, thrust::cuda_cub::__merge_sort::BlockSortAgent<KeysIt, ItemsIt, Size, CompareOp, SORT_ITEMS, STABLE>::TempStorage &, thrust::cuda_cub::__merge_sort::BlockSortAgent<KeysIt, ItemsIt, Size, CompareOp, SORT_ITEMS, STABLE>::KeysLoadIt, thrust::cuda_cub::__merge_sort::BlockSortAgent<KeysIt, ItemsIt, Size, CompareOp, SORT_ITEMS, STABLE>::ItemsLoadIt, Size, KeysIt, ItemsIt, thrust::cuda_cub::__merge_sort::BlockSortAgent<KeysIt, ItemsIt, Size, CompareOp, SORT_ITEMS, STABLE>::key_type *, thrust::cuda_cub::__merge_sort::BlockSortAgent<KeysIt, ItemsIt, Size, CompareOp, SORT_ITEMS, STABLE>::item_type *, CompareOp) [with KeysIt=thrust::detail::normal_iterator<thrust::device_ptr<Edge<T, TS>>>, ItemsIt=Edge<T, TS> *, Size=signed long, CompareOp=__nv_bool (*)(const Edge<T, TS> &, const Edge<T, TS> &, const CUDAGraph::T *), SORT_ITEMS=thrust::detail::false_type, STABLE=thrust::detail::false_type]" 
(634): here
            instantiation of "void thrust::cuda_cub::__merge_sort::BlockSortAgent<KeysIt, ItemsIt, Size, CompareOp, SORT_ITEMS, STABLE>::entry(__nv_bool, KeysIt, ItemsIt, Size, thrust::cuda_cub::__merge_sort::BlockSortAgent<KeysIt, ItemsIt, Size, CompareOp, SORT_ITEMS, STABLE>::key_type *, thrust::cuda_cub::__merge_sort::BlockSortAgent<KeysIt, ItemsIt, Size, CompareOp, SORT_ITEMS, STABLE>::item_type *, CompareOp, char *) [with KeysIt=thrust::detail::normal_iterator<thrust::device_ptr<Edge<T, TS>>>, ItemsIt=Edge<T, TS> *, Size=signed long, CompareOp=__nv_bool (*)(const Edge<T, TS> &, const Edge<T, TS> &, const CUDAGraph::T *), SORT_ITEMS=thrust::detail::false_type, STABLE=thrust::detail::false_type]" 
/home/zlj/local/cuda-11.8/include/thrust/system/cuda/detail/core/agent_launcher.h(111): here
            instantiation of "void thrust::cuda_cub::core::_kernel_agent<Agent,_0,_1,_2,_3,_4,_5,_6>(_0, _1, _2, _3, _4, _5, _6) [with Agent=thrust::cuda_cub::__merge_sort::BlockSortAgent<thrust::detail::normal_iterator<thrust::device_ptr<Edge<T, TS>>>, Edge<T, TS> *, signed long, __nv_bool (*)(const Edge<T, TS> &, const Edge<T, TS> &, const CUDAGraph::T *), thrust::detail::false_type, thrust::detail::false_type>, _0=__nv_bool, _1=thrust::detail::normal_iterator<thrust::device_ptr<Edge<T, TS>>>, _2=Edge<T, TS> *, _3=signed long, _4=Edge<T, TS> *, _5=Edge<T, TS> *, _6=__nv_bool (*)(const Edge<T, TS> &, const Edge<T, TS> &, const CUDAGraph::T *)]" 
/home/zlj/local/cuda-11.8/include/thrust/system/cuda/detail/core/agent_launcher.h(976): here
            instantiation of "void thrust::cuda_cub::core::AgentLauncher<Agent>::launch_impl(thrust::detail::true_type, _0, _1, _2, _3, _4, _5, _6) const [with Agent=thrust::cuda_cub::__merge_sort::BlockSortAgent<thrust::detail::normal_iterator<thrust::device_ptr<Edge<T, TS>>>, Edge<T, TS> *, signed long, __nv_bool (*)(const Edge<T, TS> &, const Edge<T, TS> &, const CUDAGraph::T *), thrust::detail::false_type, thrust::detail::false_type>, _0=__nv_bool, _1=thrust::detail::normal_iterator<thrust::device_ptr<Edge<T, TS>>>, _2=Edge<T, TS> *, _3=signed long, _4=Edge<T, TS> *, _5=Edge<T, TS> *, _6=__nv_bool (*)(const Edge<T, TS> &, const Edge<T, TS> &, const CUDAGraph::T *)]" 
/home/zlj/local/cuda-11.8/include/thrust/system/cuda/detail/core/agent_launcher.h(1112): here
            [ 2 instantiation contexts not shown ]
            instantiation of "void thrust::cuda_cub::__merge_sort::merge_sort<SORT_ITEMS,STABLE,Derived,KeysIt,ItemsIt,CompareOp>(thrust::cuda_cub::execution_policy<Derived> &, KeysIt, KeysIt, ItemsIt, CompareOp) [with SORT_ITEMS=thrust::detail::false_type, STABLE=thrust::detail::false_type, Derived=thrust::cuda_cub::execute_on_stream, KeysIt=thrust::detail::normal_iterator<thrust::device_ptr<Edge<T, TS>>>, ItemsIt=Edge<T, TS> *, CompareOp=__nv_bool (*)(const Edge<T, TS> &, const Edge<T, TS> &, const CUDAGraph::T *)]" 
(1558): here
            instantiation of "thrust::cuda_cub::__smart_sort::enable_if_comparison_sort<KeysIt, CompareOp>::type thrust::cuda_cub::__smart_sort::smart_sort<SORT_ITEMS,STABLE,Policy,KeysIt,ItemsIt,CompareOp>(Policy &, KeysIt, KeysIt, ItemsIt, CompareOp) [with SORT_ITEMS=thrust::detail::false_type, STABLE=thrust::detail::false_type, Policy=thrust::cuda_cub::execution_policy<thrust::cuda_cub::execute_on_stream>, KeysIt=thrust::detail::normal_iterator<thrust::device_ptr<Edge<T, TS>>>, ItemsIt=Edge<T, TS> *, CompareOp=__nv_bool (*)(const Edge<T, TS> &, const Edge<T, TS> &, const CUDAGraph::T *)]" 
(1636): here
            instantiation of "void thrust::cuda_cub::sort(thrust::cuda_cub::execution_policy<Derived> &, ItemsIt, ItemsIt, CompareOp) [with Derived=thrust::cuda_cub::execute_on_stream, ItemsIt=thrust::detail::normal_iterator<thrust::device_ptr<Edge<T, TS>>>, CompareOp=__nv_bool (*)(const Edge<T, TS> &, const Edge<T, TS> &, const CUDAGraph::T *)]" 
/home/zlj/local/cuda-11.8/include/thrust/detail/sort.inl(55): here
            instantiation of "void thrust::sort(const thrust::detail::execution_policy_base<DerivedPolicy> &, RandomAccessIterator, RandomAccessIterator, StrictWeakOrdering) [with DerivedPolicy=thrust::cuda_cub::execute_on_stream, RandomAccessIterator=thrust::detail::normal_iterator<thrust::device_ptr<Edge<T, TS>>>, StrictWeakOrdering=__nv_bool (*)(const Edge<T, TS> &, const Edge<T, TS> &, const CUDAGraph::T *)]" 
/home/zlj/Starrygl-v2.0/csrc/include/starrygl/sample.cu.hpp(274): here
            instantiation of "Graph<T, TS>::Graph(T, T, const at::Tensor &, const at::Tensor &, const at::Tensor &, const at::Tensor &, pybind11::object) [with T=CUDAGraph::T, TS=CUDAGraph::TS]" 
/home/zlj/Starrygl-v2.0/csrc/include/starrygl/sample.cu.hpp(941): here

/home/zlj/local/cuda-11.8/include/thrust/system/cuda/detail/sort.h(323): error: too few arguments in function call
          detected during:
            instantiation of "void thrust::cuda_cub::__merge_sort::BlockSortAgent<KeysIt, ItemsIt, Size, CompareOp, SORT_ITEMS, STABLE>::impl::stable_odd_even_sort(thrust::cuda_cub::__merge_sort::BlockSortAgent<KeysIt, ItemsIt, Size, CompareOp, SORT_ITEMS, STABLE>::key_type (&)[thrust::cuda_cub::__merge_sort::BlockSortAgent<KeysIt, ItemsIt, Size, CompareOp, SORT_ITEMS, STABLE>::ITEMS_PER_THREAD], thrust::cuda_cub::__merge_sort::BlockSortAgent<KeysIt, ItemsIt, Size, CompareOp, SORT_ITEMS, STABLE>::item_type (&)[thrust::cuda_cub::__merge_sort::BlockSortAgent<KeysIt, ItemsIt, Size, CompareOp, SORT_ITEMS, STABLE>::ITEMS_PER_THREAD]) [with KeysIt=thrust::detail::normal_iterator<thrust::device_ptr<Edge<T, TS>>>, ItemsIt=Edge<T, TS> *, Size=signed long, CompareOp=__nv_bool (*)(const Edge<T, TS> &, const Edge<T, TS> &, const CUDAGraph::T *), SORT_ITEMS=thrust::detail::false_type, STABLE=thrust::detail::false_type]" 
(354): here
            instantiation of "void thrust::cuda_cub::__merge_sort::BlockSortAgent<KeysIt, ItemsIt, Size, CompareOp, SORT_ITEMS, STABLE>::impl::block_mergesort<IS_LAST_TILE>(int, int, thrust::cuda_cub::__merge_sort::BlockSortAgent<KeysIt, ItemsIt, Size, CompareOp, SORT_ITEMS, STABLE>::key_type (&)[thrust::cuda_cub::__merge_sort::BlockSortAgent<KeysIt, ItemsIt, Size, CompareOp, SORT_ITEMS, STABLE>::ITEMS_PER_THREAD], thrust::cuda_cub::__merge_sort::BlockSortAgent<KeysIt, ItemsIt, Size, CompareOp, SORT_ITEMS, STABLE>::item_type (&)[thrust::cuda_cub::__merge_sort::BlockSortAgent<KeysIt, ItemsIt, Size, CompareOp, SORT_ITEMS, STABLE>::ITEMS_PER_THREAD]) [with KeysIt=thrust::detail::normal_iterator<thrust::device_ptr<Edge<T, TS>>>, ItemsIt=Edge<T, TS> *, Size=signed long, CompareOp=__nv_bool (*)(const Edge<T, TS> &, const Edge<T, TS> &, const CUDAGraph::T *), SORT_ITEMS=thrust::detail::false_type, STABLE=thrust::detail::false_type, IS_LAST_TILE=false]" 
(512): here
            instantiation of "void thrust::cuda_cub::__merge_sort::BlockSortAgent<KeysIt, ItemsIt, Size, CompareOp, SORT_ITEMS, STABLE>::impl::consume_tile<IS_LAST_TILE>(int, Size, Size, int) [with KeysIt=thrust::detail::normal_iterator<thrust::device_ptr<Edge<T, TS>>>, ItemsIt=Edge<T, TS> *, Size=signed long, CompareOp=__nv_bool (*)(const Edge<T, TS> &, const Edge<T, TS> &, const CUDAGraph::T *), SORT_ITEMS=thrust::detail::false_type, STABLE=thrust::detail::false_type, IS_LAST_TILE=false]" 
(601): here
            instantiation of "thrust::cuda_cub::__merge_sort::BlockSortAgent<KeysIt, ItemsIt, Size, CompareOp, SORT_ITEMS, STABLE>::impl::impl(__nv_bool, thrust::cuda_cub::__merge_sort::BlockSortAgent<KeysIt, ItemsIt, Size, CompareOp, SORT_ITEMS, STABLE>::TempStorage &, thrust::cuda_cub::__merge_sort::BlockSortAgent<KeysIt, ItemsIt, Size, CompareOp, SORT_ITEMS, STABLE>::KeysLoadIt, thrust::cuda_cub::__merge_sort::BlockSortAgent<KeysIt, ItemsIt, Size, CompareOp, SORT_ITEMS, STABLE>::ItemsLoadIt, Size, KeysIt, ItemsIt, thrust::cuda_cub::__merge_sort::BlockSortAgent<KeysIt, ItemsIt, Size, CompareOp, SORT_ITEMS, STABLE>::key_type *, thrust::cuda_cub::__merge_sort::BlockSortAgent<KeysIt, ItemsIt, Size, CompareOp, SORT_ITEMS, STABLE>::item_type *, CompareOp) [with KeysIt=thrust::detail::normal_iterator<thrust::device_ptr<Edge<T, TS>>>, ItemsIt=Edge<T, TS> *, Size=signed long, CompareOp=__nv_bool (*)(const Edge<T, TS> &, const Edge<T, TS> &, const CUDAGraph::T *), SORT_ITEMS=thrust::detail::false_type, STABLE=thrust::detail::false_type]" 
(634): here
            instantiation of "void thrust::cuda_cub::__merge_sort::BlockSortAgent<KeysIt, ItemsIt, Size, CompareOp, SORT_ITEMS, STABLE>::entry(__nv_bool, KeysIt, ItemsIt, Size, thrust::cuda_cub::__merge_sort::BlockSortAgent<KeysIt, ItemsIt, Size, CompareOp, SORT_ITEMS, STABLE>::key_type *, thrust::cuda_cub::__merge_sort::BlockSortAgent<KeysIt, ItemsIt, Size, CompareOp, SORT_ITEMS, STABLE>::item_type *, CompareOp, char *) [with KeysIt=thrust::detail::normal_iterator<thrust::device_ptr<Edge<T, TS>>>, ItemsIt=Edge<T, TS> *, Size=signed long, CompareOp=__nv_bool (*)(const Edge<T, TS> &, const Edge<T, TS> &, const CUDAGraph::T *), SORT_ITEMS=thrust::detail::false_type, STABLE=thrust::detail::false_type]" 
/home/zlj/local/cuda-11.8/include/thrust/system/cuda/detail/core/agent_launcher.h(111): here
            [ 4 instantiation contexts not shown ]
            instantiation of "void thrust::cuda_cub::__merge_sort::merge_sort<SORT_ITEMS,STABLE,Derived,KeysIt,ItemsIt,CompareOp>(thrust::cuda_cub::execution_policy<Derived> &, KeysIt, KeysIt, ItemsIt, CompareOp) [with SORT_ITEMS=thrust::detail::false_type, STABLE=thrust::detail::false_type, Derived=thrust::cuda_cub::execute_on_stream, KeysIt=thrust::detail::normal_iterator<thrust::device_ptr<Edge<T, TS>>>, ItemsIt=Edge<T, TS> *, CompareOp=__nv_bool (*)(const Edge<T, TS> &, const Edge<T, TS> &, const CUDAGraph::T *)]" 
(1558): here
            instantiation of "thrust::cuda_cub::__smart_sort::enable_if_comparison_sort<KeysIt, CompareOp>::type thrust::cuda_cub::__smart_sort::smart_sort<SORT_ITEMS,STABLE,Policy,KeysIt,ItemsIt,CompareOp>(Policy &, KeysIt, KeysIt, ItemsIt, CompareOp) [with SORT_ITEMS=thrust::detail::false_type, STABLE=thrust::detail::false_type, Policy=thrust::cuda_cub::execution_policy<thrust::cuda_cub::execute_on_stream>, KeysIt=thrust::detail::normal_iterator<thrust::device_ptr<Edge<T, TS>>>, ItemsIt=Edge<T, TS> *, CompareOp=__nv_bool (*)(const Edge<T, TS> &, const Edge<T, TS> &, const CUDAGraph::T *)]" 
(1636): here
            instantiation of "void thrust::cuda_cub::sort(thrust::cuda_cub::execution_policy<Derived> &, ItemsIt, ItemsIt, CompareOp) [with Derived=thrust::cuda_cub::execute_on_stream, ItemsIt=thrust::detail::normal_iterator<thrust::device_ptr<Edge<T, TS>>>, CompareOp=__nv_bool (*)(const Edge<T, TS> &, const Edge<T, TS> &, const CUDAGraph::T *)]" 
/home/zlj/local/cuda-11.8/include/thrust/detail/sort.inl(55): here
            instantiation of "void thrust::sort(const thrust::detail::execution_policy_base<DerivedPolicy> &, RandomAccessIterator, RandomAccessIterator, StrictWeakOrdering) [with DerivedPolicy=thrust::cuda_cub::execute_on_stream, RandomAccessIterator=thrust::detail::normal_iterator<thrust::device_ptr<Edge<T, TS>>>, StrictWeakOrdering=__nv_bool (*)(const Edge<T, TS> &, const Edge<T, TS> &, const CUDAGraph::T *)]" 
/home/zlj/Starrygl-v2.0/csrc/include/starrygl/sample.cu.hpp(274): here
            instantiation of "Graph<T, TS>::Graph(T, T, const at::Tensor &, const at::Tensor &, const at::Tensor &, const at::Tensor &, pybind11::object) [with T=CUDAGraph::T, TS=CUDAGraph::TS]" 
/home/zlj/Starrygl-v2.0/csrc/include/starrygl/sample.cu.hpp(941): here

/home/zlj/local/cuda-11.8/include/thrust/system/cuda/detail/sort.h(81): error: too few arguments in function call
          detected during:
            instantiation of "Size thrust::cuda_cub::__merge_sort::merge_path(KeysIt1, KeysIt2, Size, Size, Size, BinaryPred) [with KeysIt1=Edge<T, TS> *, KeysIt2=Edge<T, TS> *, Size=int, BinaryPred=__nv_bool (*)(const Edge<T, TS> &, const Edge<T, TS> &, const CUDAGraph::T *)]" 
(398): here
            instantiation of "void thrust::cuda_cub::__merge_sort::BlockSortAgent<KeysIt, ItemsIt, Size, CompareOp, SORT_ITEMS, STABLE>::impl::block_mergesort<IS_LAST_TILE>(int, int, thrust::cuda_cub::__merge_sort::BlockSortAgent<KeysIt, ItemsIt, Size, CompareOp, SORT_ITEMS, STABLE>::key_type (&)[thrust::cuda_cub::__merge_sort::BlockSortAgent<KeysIt, ItemsIt, Size, CompareOp, SORT_ITEMS, STABLE>::ITEMS_PER_THREAD], thrust::cuda_cub::__merge_sort::BlockSortAgent<KeysIt, ItemsIt, Size, CompareOp, SORT_ITEMS, STABLE>::item_type (&)[thrust::cuda_cub::__merge_sort::BlockSortAgent<KeysIt, ItemsIt, Size, CompareOp, SORT_ITEMS, STABLE>::ITEMS_PER_THREAD]) [with KeysIt=thrust::detail::normal_iterator<thrust::device_ptr<Edge<T, TS>>>, ItemsIt=Edge<T, TS> *, Size=signed long, CompareOp=__nv_bool (*)(const Edge<T, TS> &, const Edge<T, TS> &, const CUDAGraph::T *), SORT_ITEMS=thrust::detail::false_type, STABLE=thrust::detail::false_type, IS_LAST_TILE=false]" 
(512): here
            instantiation of "void thrust::cuda_cub::__merge_sort::BlockSortAgent<KeysIt, ItemsIt, Size, CompareOp, SORT_ITEMS, STABLE>::impl::consume_tile<IS_LAST_TILE>(int, Size, Size, int) [with KeysIt=thrust::detail::normal_iterator<thrust::device_ptr<Edge<T, TS>>>, ItemsIt=Edge<T, TS> *, Size=signed long, CompareOp=__nv_bool (*)(const Edge<T, TS> &, const Edge<T, TS> &, const CUDAGraph::T *), SORT_ITEMS=thrust::detail::false_type, STABLE=thrust::detail::false_type, IS_LAST_TILE=false]" 
(601): here
            instantiation of "thrust::cuda_cub::__merge_sort::BlockSortAgent<KeysIt, ItemsIt, Size, CompareOp, SORT_ITEMS, STABLE>::impl::impl(__nv_bool, thrust::cuda_cub::__merge_sort::BlockSortAgent<KeysIt, ItemsIt, Size, CompareOp, SORT_ITEMS, STABLE>::TempStorage &, thrust::cuda_cub::__merge_sort::BlockSortAgent<KeysIt, ItemsIt, Size, CompareOp, SORT_ITEMS, STABLE>::KeysLoadIt, thrust::cuda_cub::__merge_sort::BlockSortAgent<KeysIt, ItemsIt, Size, CompareOp, SORT_ITEMS, STABLE>::ItemsLoadIt, Size, KeysIt, ItemsIt, thrust::cuda_cub::__merge_sort::BlockSortAgent<KeysIt, ItemsIt, Size, CompareOp, SORT_ITEMS, STABLE>::key_type *, thrust::cuda_cub::__merge_sort::BlockSortAgent<KeysIt, ItemsIt, Size, CompareOp, SORT_ITEMS, STABLE>::item_type *, CompareOp) [with KeysIt=thrust::detail::normal_iterator<thrust::device_ptr<Edge<T, TS>>>, ItemsIt=Edge<T, TS> *, Size=signed long, CompareOp=__nv_bool (*)(const Edge<T, TS> &, const Edge<T, TS> &, const CUDAGraph::T *), SORT_ITEMS=thrust::detail::false_type, STABLE=thrust::detail::false_type]" 
(634): here
            instantiation of "void thrust::cuda_cub::__merge_sort::BlockSortAgent<KeysIt, ItemsIt, Size, CompareOp, SORT_ITEMS, STABLE>::entry(__nv_bool, KeysIt, ItemsIt, Size, thrust::cuda_cub::__merge_sort::BlockSortAgent<KeysIt, ItemsIt, Size, CompareOp, SORT_ITEMS, STABLE>::key_type *, thrust::cuda_cub::__merge_sort::BlockSortAgent<KeysIt, ItemsIt, Size, CompareOp, SORT_ITEMS, STABLE>::item_type *, CompareOp, char *) [with KeysIt=thrust::detail::normal_iterator<thrust::device_ptr<Edge<T, TS>>>, ItemsIt=Edge<T, TS> *, Size=signed long, CompareOp=__nv_bool (*)(const Edge<T, TS> &, const Edge<T, TS> &, const CUDAGraph::T *), SORT_ITEMS=thrust::detail::false_type, STABLE=thrust::detail::false_type]" 
/home/zlj/local/cuda-11.8/include/thrust/system/cuda/detail/core/agent_launcher.h(111): here
            [ 4 instantiation contexts not shown ]
            instantiation of "void thrust::cuda_cub::__merge_sort::merge_sort<SORT_ITEMS,STABLE,Derived,KeysIt,ItemsIt,CompareOp>(thrust::cuda_cub::execution_policy<Derived> &, KeysIt, KeysIt, ItemsIt, CompareOp) [with SORT_ITEMS=thrust::detail::false_type, STABLE=thrust::detail::false_type, Derived=thrust::cuda_cub::execute_on_stream, KeysIt=thrust::detail::normal_iterator<thrust::device_ptr<Edge<T, TS>>>, ItemsIt=Edge<T, TS> *, CompareOp=__nv_bool (*)(const Edge<T, TS> &, const Edge<T, TS> &, const CUDAGraph::T *)]" 
(1558): here
            instantiation of "thrust::cuda_cub::__smart_sort::enable_if_comparison_sort<KeysIt, CompareOp>::type thrust::cuda_cub::__smart_sort::smart_sort<SORT_ITEMS,STABLE,Policy,KeysIt,ItemsIt,CompareOp>(Policy &, KeysIt, KeysIt, ItemsIt, CompareOp) [with SORT_ITEMS=thrust::detail::false_type, STABLE=thrust::detail::false_type, Policy=thrust::cuda_cub::execution_policy<thrust::cuda_cub::execute_on_stream>, KeysIt=thrust::detail::normal_iterator<thrust::device_ptr<Edge<T, TS>>>, ItemsIt=Edge<T, TS> *, CompareOp=__nv_bool (*)(const Edge<T, TS> &, const Edge<T, TS> &, const CUDAGraph::T *)]" 
(1636): here
            instantiation of "void thrust::cuda_cub::sort(thrust::cuda_cub::execution_policy<Derived> &, ItemsIt, ItemsIt, CompareOp) [with Derived=thrust::cuda_cub::execute_on_stream, ItemsIt=thrust::detail::normal_iterator<thrust::device_ptr<Edge<T, TS>>>, CompareOp=__nv_bool (*)(const Edge<T, TS> &, const Edge<T, TS> &, const CUDAGraph::T *)]" 
/home/zlj/local/cuda-11.8/include/thrust/detail/sort.inl(55): here
            instantiation of "void thrust::sort(const thrust::detail::execution_policy_base<DerivedPolicy> &, RandomAccessIterator, RandomAccessIterator, StrictWeakOrdering) [with DerivedPolicy=thrust::cuda_cub::execute_on_stream, RandomAccessIterator=thrust::detail::normal_iterator<thrust::device_ptr<Edge<T, TS>>>, StrictWeakOrdering=__nv_bool (*)(const Edge<T, TS> &, const Edge<T, TS> &, const CUDAGraph::T *)]" 
/home/zlj/Starrygl-v2.0/csrc/include/starrygl/sample.cu.hpp(274): here
            instantiation of "Graph<T, TS>::Graph(T, T, const at::Tensor &, const at::Tensor &, const at::Tensor &, const at::Tensor &, pybind11::object) [with T=CUDAGraph::T, TS=CUDAGraph::TS]" 
/home/zlj/Starrygl-v2.0/csrc/include/starrygl/sample.cu.hpp(941): here

/home/zlj/local/cuda-11.8/include/thrust/system/cuda/detail/sort.h(119): error: too few arguments in function call
          detected during:
            instantiation of "void thrust::cuda_cub::__merge_sort::serial_merge(It, int, int, int, int, T2 (&)[ITEMS_PER_THREAD], int (&)[ITEMS_PER_THREAD], CompareOp) [with It=Edge<T, TS> *, T2=Edge<T, TS>, CompareOp=__nv_bool (*)(const Edge<T, TS> &, const Edge<T, TS> &, const CUDAGraph::T *), ITEMS_PER_THREAD=2]" 
(413): here
            instantiation of "void thrust::cuda_cub::__merge_sort::BlockSortAgent<KeysIt, ItemsIt, Size, CompareOp, SORT_ITEMS, STABLE>::impl::block_mergesort<IS_LAST_TILE>(int, int, thrust::cuda_cub::__merge_sort::BlockSortAgent<KeysIt, ItemsIt, Size, CompareOp, SORT_ITEMS, STABLE>::key_type (&)[thrust::cuda_cub::__merge_sort::BlockSortAgent<KeysIt, ItemsIt, Size, CompareOp, SORT_ITEMS, STABLE>::ITEMS_PER_THREAD], thrust::cuda_cub::__merge_sort::BlockSortAgent<KeysIt, ItemsIt, Size, CompareOp, SORT_ITEMS, STABLE>::item_type (&)[thrust::cuda_cub::__merge_sort::BlockSortAgent<KeysIt, ItemsIt, Size, CompareOp, SORT_ITEMS, STABLE>::ITEMS_PER_THREAD]) [with KeysIt=thrust::detail::normal_iterator<thrust::device_ptr<Edge<T, TS>>>, ItemsIt=Edge<T, TS> *, Size=signed long, CompareOp=__nv_bool (*)(const Edge<T, TS> &, const Edge<T, TS> &, const CUDAGraph::T *), SORT_ITEMS=thrust::detail::false_type, STABLE=thrust::detail::false_type, IS_LAST_TILE=false]" 
(512): here
            instantiation of "void thrust::cuda_cub::__merge_sort::BlockSortAgent<KeysIt, ItemsIt, Size, CompareOp, SORT_ITEMS, STABLE>::impl::consume_tile<IS_LAST_TILE>(int, Size, Size, int) [with KeysIt=thrust::detail::normal_iterator<thrust::device_ptr<Edge<T, TS>>>, ItemsIt=Edge<T, TS> *, Size=signed long, CompareOp=__nv_bool (*)(const Edge<T, TS> &, const Edge<T, TS> &, const CUDAGraph::T *), SORT_ITEMS=thrust::detail::false_type, STABLE=thrust::detail::false_type, IS_LAST_TILE=false]" 
(601): here
            instantiation of "thrust::cuda_cub::__merge_sort::BlockSortAgent<KeysIt, ItemsIt, Size, CompareOp, SORT_ITEMS, STABLE>::impl::impl(__nv_bool, thrust::cuda_cub::__merge_sort::BlockSortAgent<KeysIt, ItemsIt, Size, CompareOp, SORT_ITEMS, STABLE>::TempStorage &, thrust::cuda_cub::__merge_sort::BlockSortAgent<KeysIt, ItemsIt, Size, CompareOp, SORT_ITEMS, STABLE>::KeysLoadIt, thrust::cuda_cub::__merge_sort::BlockSortAgent<KeysIt, ItemsIt, Size, CompareOp, SORT_ITEMS, STABLE>::ItemsLoadIt, Size, KeysIt, ItemsIt, thrust::cuda_cub::__merge_sort::BlockSortAgent<KeysIt, ItemsIt, Size, CompareOp, SORT_ITEMS, STABLE>::key_type *, thrust::cuda_cub::__merge_sort::BlockSortAgent<KeysIt, ItemsIt, Size, CompareOp, SORT_ITEMS, STABLE>::item_type *, CompareOp) [with KeysIt=thrust::detail::normal_iterator<thrust::device_ptr<Edge<T, TS>>>, ItemsIt=Edge<T, TS> *, Size=signed long, CompareOp=__nv_bool (*)(const Edge<T, TS> &, const Edge<T, TS> &, const CUDAGraph::T *), SORT_ITEMS=thrust::detail::false_type, STABLE=thrust::detail::false_type]" 
(634): here
            instantiation of "void thrust::cuda_cub::__merge_sort::BlockSortAgent<KeysIt, ItemsIt, Size, CompareOp, SORT_ITEMS, STABLE>::entry(__nv_bool, KeysIt, ItemsIt, Size, thrust::cuda_cub::__merge_sort::BlockSortAgent<KeysIt, ItemsIt, Size, CompareOp, SORT_ITEMS, STABLE>::key_type *, thrust::cuda_cub::__merge_sort::BlockSortAgent<KeysIt, ItemsIt, Size, CompareOp, SORT_ITEMS, STABLE>::item_type *, CompareOp, char *) [with KeysIt=thrust::detail::normal_iterator<thrust::device_ptr<Edge<T, TS>>>, ItemsIt=Edge<T, TS> *, Size=signed long, CompareOp=__nv_bool (*)(const Edge<T, TS> &, const Edge<T, TS> &, const CUDAGraph::T *), SORT_ITEMS=thrust::detail::false_type, STABLE=thrust::detail::false_type]" 
/home/zlj/local/cuda-11.8/include/thrust/system/cuda/detail/core/agent_launcher.h(111): here
            [ 4 instantiation contexts not shown ]
            instantiation of "void thrust::cuda_cub::__merge_sort::merge_sort<SORT_ITEMS,STABLE,Derived,KeysIt,ItemsIt,CompareOp>(thrust::cuda_cub::execution_policy<Derived> &, KeysIt, KeysIt, ItemsIt, CompareOp) [with SORT_ITEMS=thrust::detail::false_type, STABLE=thrust::detail::false_type, Derived=thrust::cuda_cub::execute_on_stream, KeysIt=thrust::detail::normal_iterator<thrust::device_ptr<Edge<T, TS>>>, ItemsIt=Edge<T, TS> *, CompareOp=__nv_bool (*)(const Edge<T, TS> &, const Edge<T, TS> &, const CUDAGraph::T *)]" 
(1558): here
            instantiation of "thrust::cuda_cub::__smart_sort::enable_if_comparison_sort<KeysIt, CompareOp>::type thrust::cuda_cub::__smart_sort::smart_sort<SORT_ITEMS,STABLE,Policy,KeysIt,ItemsIt,CompareOp>(Policy &, KeysIt, KeysIt, ItemsIt, CompareOp) [with SORT_ITEMS=thrust::detail::false_type, STABLE=thrust::detail::false_type, Policy=thrust::cuda_cub::execution_policy<thrust::cuda_cub::execute_on_stream>, KeysIt=thrust::detail::normal_iterator<thrust::device_ptr<Edge<T, TS>>>, ItemsIt=Edge<T, TS> *, CompareOp=__nv_bool (*)(const Edge<T, TS> &, const Edge<T, TS> &, const CUDAGraph::T *)]" 
(1636): here
            instantiation of "void thrust::cuda_cub::sort(thrust::cuda_cub::execution_policy<Derived> &, ItemsIt, ItemsIt, CompareOp) [with Derived=thrust::cuda_cub::execute_on_stream, ItemsIt=thrust::detail::normal_iterator<thrust::device_ptr<Edge<T, TS>>>, CompareOp=__nv_bool (*)(const Edge<T, TS> &, const Edge<T, TS> &, const CUDAGraph::T *)]" 
/home/zlj/local/cuda-11.8/include/thrust/detail/sort.inl(55): here
            instantiation of "void thrust::sort(const thrust::detail::execution_policy_base<DerivedPolicy> &, RandomAccessIterator, RandomAccessIterator, StrictWeakOrdering) [with DerivedPolicy=thrust::cuda_cub::execute_on_stream, RandomAccessIterator=thrust::detail::normal_iterator<thrust::device_ptr<Edge<T, TS>>>, StrictWeakOrdering=__nv_bool (*)(const Edge<T, TS> &, const Edge<T, TS> &, const CUDAGraph::T *)]" 
/home/zlj/Starrygl-v2.0/csrc/include/starrygl/sample.cu.hpp(274): here
            instantiation of "Graph<T, TS>::Graph(T, T, const at::Tensor &, const at::Tensor &, const at::Tensor &, const at::Tensor &, pybind11::object) [with T=CUDAGraph::T, TS=CUDAGraph::TS]" 
/home/zlj/Starrygl-v2.0/csrc/include/starrygl/sample.cu.hpp(941): here

/home/zlj/local/cuda-11.8/include/thrust/system/cuda/detail/sort.h(494): error: too few arguments in function call
          detected during:
            instantiation of "void thrust::cuda_cub::__merge_sort::BlockSortAgent<KeysIt, ItemsIt, Size, CompareOp, SORT_ITEMS, STABLE>::impl::consume_tile<IS_LAST_TILE>(int, Size, Size, int) [with KeysIt=thrust::detail::normal_iterator<thrust::device_ptr<Edge<T, TS>>>, ItemsIt=Edge<T, TS> *, Size=signed long, CompareOp=__nv_bool (*)(const Edge<T, TS> &, const Edge<T, TS> &, const CUDAGraph::T *), SORT_ITEMS=thrust::detail::false_type, STABLE=thrust::detail::false_type, IS_LAST_TILE=true]" 
(605): here
            instantiation of "thrust::cuda_cub::__merge_sort::BlockSortAgent<KeysIt, ItemsIt, Size, CompareOp, SORT_ITEMS, STABLE>::impl::impl(__nv_bool, thrust::cuda_cub::__merge_sort::BlockSortAgent<KeysIt, ItemsIt, Size, CompareOp, SORT_ITEMS, STABLE>::TempStorage &, thrust::cuda_cub::__merge_sort::BlockSortAgent<KeysIt, ItemsIt, Size, CompareOp, SORT_ITEMS, STABLE>::KeysLoadIt, thrust::cuda_cub::__merge_sort::BlockSortAgent<KeysIt, ItemsIt, Size, CompareOp, SORT_ITEMS, STABLE>::ItemsLoadIt, Size, KeysIt, ItemsIt, thrust::cuda_cub::__merge_sort::BlockSortAgent<KeysIt, ItemsIt, Size, CompareOp, SORT_ITEMS, STABLE>::key_type *, thrust::cuda_cub::__merge_sort::BlockSortAgent<KeysIt, ItemsIt, Size, CompareOp, SORT_ITEMS, STABLE>::item_type *, CompareOp) [with KeysIt=thrust::detail::normal_iterator<thrust::device_ptr<Edge<T, TS>>>, ItemsIt=Edge<T, TS> *, Size=signed long, CompareOp=__nv_bool (*)(const Edge<T, TS> &, const Edge<T, TS> &, const CUDAGraph::T *), SORT_ITEMS=thrust::detail::false_type, STABLE=thrust::detail::false_type]" 
(634): here
            instantiation of "void thrust::cuda_cub::__merge_sort::BlockSortAgent<KeysIt, ItemsIt, Size, CompareOp, SORT_ITEMS, STABLE>::entry(__nv_bool, KeysIt, ItemsIt, Size, thrust::cuda_cub::__merge_sort::BlockSortAgent<KeysIt, ItemsIt, Size, CompareOp, SORT_ITEMS, STABLE>::key_type *, thrust::cuda_cub::__merge_sort::BlockSortAgent<KeysIt, ItemsIt, Size, CompareOp, SORT_ITEMS, STABLE>::item_type *, CompareOp, char *) [with KeysIt=thrust::detail::normal_iterator<thrust::device_ptr<Edge<T, TS>>>, ItemsIt=Edge<T, TS> *, Size=signed long, CompareOp=__nv_bool (*)(const Edge<T, TS> &, const Edge<T, TS> &, const CUDAGraph::T *), SORT_ITEMS=thrust::detail::false_type, STABLE=thrust::detail::false_type]" 
/home/zlj/local/cuda-11.8/include/thrust/system/cuda/detail/core/agent_launcher.h(111): here
            instantiation of "void thrust::cuda_cub::core::_kernel_agent<Agent,_0,_1,_2,_3,_4,_5,_6>(_0, _1, _2, _3, _4, _5, _6) [with Agent=thrust::cuda_cub::__merge_sort::BlockSortAgent<thrust::detail::normal_iterator<thrust::device_ptr<Edge<T, TS>>>, Edge<T, TS> *, signed long, __nv_bool (*)(const Edge<T, TS> &, const Edge<T, TS> &, const CUDAGraph::T *), thrust::detail::false_type, thrust::detail::false_type>, _0=__nv_bool, _1=thrust::detail::normal_iterator<thrust::device_ptr<Edge<T, TS>>>, _2=Edge<T, TS> *, _3=signed long, _4=Edge<T, TS> *, _5=Edge<T, TS> *, _6=__nv_bool (*)(const Edge<T, TS> &, const Edge<T, TS> &, const CUDAGraph::T *)]" 
/home/zlj/local/cuda-11.8/include/thrust/system/cuda/detail/core/agent_launcher.h(976): here
            instantiation of "void thrust::cuda_cub::core::AgentLauncher<Agent>::launch_impl(thrust::detail::true_type, _0, _1, _2, _3, _4, _5, _6) const [with Agent=thrust::cuda_cub::__merge_sort::BlockSortAgent<thrust::detail::normal_iterator<thrust::device_ptr<Edge<T, TS>>>, Edge<T, TS> *, signed long, __nv_bool (*)(const Edge<T, TS> &, const Edge<T, TS> &, const CUDAGraph::T *), thrust::detail::false_type, thrust::detail::false_type>, _0=__nv_bool, _1=thrust::detail::normal_iterator<thrust::device_ptr<Edge<T, TS>>>, _2=Edge<T, TS> *, _3=signed long, _4=Edge<T, TS> *, _5=Edge<T, TS> *, _6=__nv_bool (*)(const Edge<T, TS> &, const Edge<T, TS> &, const CUDAGraph::T *)]" 
/home/zlj/local/cuda-11.8/include/thrust/system/cuda/detail/core/agent_launcher.h(1112): here
            [ 2 instantiation contexts not shown ]
            instantiation of "void thrust::cuda_cub::__merge_sort::merge_sort<SORT_ITEMS,STABLE,Derived,KeysIt,ItemsIt,CompareOp>(thrust::cuda_cub::execution_policy<Derived> &, KeysIt, KeysIt, ItemsIt, CompareOp) [with SORT_ITEMS=thrust::detail::false_type, STABLE=thrust::detail::false_type, Derived=thrust::cuda_cub::execute_on_stream, KeysIt=thrust::detail::normal_iterator<thrust::device_ptr<Edge<T, TS>>>, ItemsIt=Edge<T, TS> *, CompareOp=__nv_bool (*)(const Edge<T, TS> &, const Edge<T, TS> &, const CUDAGraph::T *)]" 
(1558): here
            instantiation of "thrust::cuda_cub::__smart_sort::enable_if_comparison_sort<KeysIt, CompareOp>::type thrust::cuda_cub::__smart_sort::smart_sort<SORT_ITEMS,STABLE,Policy,KeysIt,ItemsIt,CompareOp>(Policy &, KeysIt, KeysIt, ItemsIt, CompareOp) [with SORT_ITEMS=thrust::detail::false_type, STABLE=thrust::detail::false_type, Policy=thrust::cuda_cub::execution_policy<thrust::cuda_cub::execute_on_stream>, KeysIt=thrust::detail::normal_iterator<thrust::device_ptr<Edge<T, TS>>>, ItemsIt=Edge<T, TS> *, CompareOp=__nv_bool (*)(const Edge<T, TS> &, const Edge<T, TS> &, const CUDAGraph::T *)]" 
(1636): here
            instantiation of "void thrust::cuda_cub::sort(thrust::cuda_cub::execution_policy<Derived> &, ItemsIt, ItemsIt, CompareOp) [with Derived=thrust::cuda_cub::execute_on_stream, ItemsIt=thrust::detail::normal_iterator<thrust::device_ptr<Edge<T, TS>>>, CompareOp=__nv_bool (*)(const Edge<T, TS> &, const Edge<T, TS> &, const CUDAGraph::T *)]" 
/home/zlj/local/cuda-11.8/include/thrust/detail/sort.inl(55): here
            instantiation of "void thrust::sort(const thrust::detail::execution_policy_base<DerivedPolicy> &, RandomAccessIterator, RandomAccessIterator, StrictWeakOrdering) [with DerivedPolicy=thrust::cuda_cub::execute_on_stream, RandomAccessIterator=thrust::detail::normal_iterator<thrust::device_ptr<Edge<T, TS>>>, StrictWeakOrdering=__nv_bool (*)(const Edge<T, TS> &, const Edge<T, TS> &, const CUDAGraph::T *)]" 
/home/zlj/Starrygl-v2.0/csrc/include/starrygl/sample.cu.hpp(274): here
            instantiation of "Graph<T, TS>::Graph(T, T, const at::Tensor &, const at::Tensor &, const at::Tensor &, const at::Tensor &, pybind11::object) [with T=CUDAGraph::T, TS=CUDAGraph::TS]" 
/home/zlj/Starrygl-v2.0/csrc/include/starrygl/sample.cu.hpp(941): here

/home/zlj/local/cuda-11.8/include/thrust/system/cuda/detail/sort.h(81): error: too few arguments in function call
          detected during:
            instantiation of "Size thrust::cuda_cub::__merge_sort::merge_path(KeysIt1, KeysIt2, Size, Size, Size, BinaryPred) [with KeysIt1=thrust::detail::normal_iterator<thrust::device_ptr<Edge<T, TS>>>, KeysIt2=thrust::detail::normal_iterator<thrust::device_ptr<Edge<T, TS>>>, Size=long, BinaryPred=__nv_bool (*)(const Edge<T, TS> &, const Edge<T, TS> &, const CUDAGraph::T *)]" 
(686): here
            instantiation of "void thrust::cuda_cub::__merge_sort::PartitionAgent<KeysIt, Size, CompareOp>::entry(__nv_bool, KeysIt, thrust::cuda_cub::__merge_sort::PartitionAgent<KeysIt, Size, CompareOp>::key_type *, Size, Size, Size *, CompareOp, Size, int, char *) [with KeysIt=thrust::detail::normal_iterator<thrust::device_ptr<Edge<T, TS>>>, Size=signed long, CompareOp=__nv_bool (*)(const Edge<T, TS> &, const Edge<T, TS> &, const CUDAGraph::T *)]" 
/home/zlj/local/cuda-11.8/include/thrust/system/cuda/detail/core/agent_launcher.h(125): here
            instantiation of "void thrust::cuda_cub::core::_kernel_agent<Agent,_0,_1,_2,_3,_4,_5,_6,_7,_8>(_0, _1, _2, _3, _4, _5, _6, _7, _8) [with Agent=thrust::cuda_cub::__merge_sort::PartitionAgent<thrust::detail::normal_iterator<thrust::device_ptr<Edge<T, TS>>>, signed long, __nv_bool (*)(const Edge<T, TS> &, const Edge<T, TS> &, const CUDAGraph::T *)>, _0=__nv_bool, _1=thrust::detail::normal_iterator<thrust::device_ptr<Edge<T, TS>>>, _2=Edge<T, TS> *, _3=signed long, _4=size_t, _5=signed long *, _6=__nv_bool (*)(const Edge<T, TS> &, const Edge<T, TS> &, const CUDAGraph::T *), _7=signed long, _8=int]" 
/home/zlj/local/cuda-11.8/include/thrust/system/cuda/detail/core/agent_launcher.h(996): here
            instantiation of "void thrust::cuda_cub::core::AgentLauncher<Agent>::launch_impl(thrust::detail::true_type, _0, _1, _2, _3, _4, _5, _6, _7, _8) const [with Agent=thrust::cuda_cub::__merge_sort::PartitionAgent<thrust::detail::normal_iterator<thrust::device_ptr<Edge<T, TS>>>, signed long, __nv_bool (*)(const Edge<T, TS> &, const Edge<T, TS> &, const CUDAGraph::T *)>, _0=__nv_bool, _1=thrust::detail::normal_iterator<thrust::device_ptr<Edge<T, TS>>>, _2=Edge<T, TS> *, _3=signed long, _4=size_t, _5=signed long *, _6=__nv_bool (*)(const Edge<T, TS> &, const Edge<T, TS> &, const CUDAGraph::T *), _7=signed long, _8=int]" 
/home/zlj/local/cuda-11.8/include/thrust/system/cuda/detail/core/agent_launcher.h(1126): here
            instantiation of "void thrust::cuda_cub::core::AgentLauncher<Agent>::launch(_0, _1, _2, _3, _4, _5, _6, _7, _8) const [with Agent=thrust::cuda_cub::__merge_sort::PartitionAgent<thrust::detail::normal_iterator<thrust::device_ptr<Edge<T, TS>>>, signed long, __nv_bool (*)(const Edge<T, TS> &, const Edge<T, TS> &, const CUDAGraph::T *)>, _0=__nv_bool, _1=thrust::detail::normal_iterator<thrust::device_ptr<Edge<T, TS>>>, _2=Edge<T, TS> *, _3=signed long, _4=size_t, _5=signed long *, _6=__nv_bool (*)(const Edge<T, TS> &, const Edge<T, TS> &, const CUDAGraph::T *), _7=signed long, _8=int]" 
(1255): here
            instantiation of "cudaError_t thrust::cuda_cub::__merge_sort::doit_step<SORT_ITEMS,STABLE,KeysIt,ItemsIt,Size,CompareOp>(void *, size_t &, KeysIt, ItemsIt, Size, CompareOp, cudaStream_t, __nv_bool) [with SORT_ITEMS=thrust::detail::false_type, STABLE=thrust::detail::false_type, KeysIt=thrust::detail::normal_iterator<thrust::device_ptr<Edge<T, TS>>>, ItemsIt=Edge<T, TS> *, Size=signed long, CompareOp=__nv_bool (*)(const Edge<T, TS> &, const Edge<T, TS> &, const CUDAGraph::T *)]" 
(1304): here
            instantiation of "void thrust::cuda_cub::__merge_sort::merge_sort<SORT_ITEMS,STABLE,Derived,KeysIt,ItemsIt,CompareOp>(thrust::cuda_cub::execution_policy<Derived> &, KeysIt, KeysIt, ItemsIt, CompareOp) [with SORT_ITEMS=thrust::detail::false_type, STABLE=thrust::detail::false_type, Derived=thrust::cuda_cub::execute_on_stream, KeysIt=thrust::detail::normal_iterator<thrust::device_ptr<Edge<T, TS>>>, ItemsIt=Edge<T, TS> *, CompareOp=__nv_bool (*)(const Edge<T, TS> &, const Edge<T, TS> &, const CUDAGraph::T *)]" 
(1558): here
            instantiation of "thrust::cuda_cub::__smart_sort::enable_if_comparison_sort<KeysIt, CompareOp>::type thrust::cuda_cub::__smart_sort::smart_sort<SORT_ITEMS,STABLE,Policy,KeysIt,ItemsIt,CompareOp>(Policy &, KeysIt, KeysIt, ItemsIt, CompareOp) [with SORT_ITEMS=thrust::detail::false_type, STABLE=thrust::detail::false_type, Policy=thrust::cuda_cub::execution_policy<thrust::cuda_cub::execute_on_stream>, KeysIt=thrust::detail::normal_iterator<thrust::device_ptr<Edge<T, TS>>>, ItemsIt=Edge<T, TS> *, CompareOp=__nv_bool (*)(const Edge<T, TS> &, const Edge<T, TS> &, const CUDAGraph::T *)]" 
(1636): here
            instantiation of "void thrust::cuda_cub::sort(thrust::cuda_cub::execution_policy<Derived> &, ItemsIt, ItemsIt, CompareOp) [with Derived=thrust::cuda_cub::execute_on_stream, ItemsIt=thrust::detail::normal_iterator<thrust::device_ptr<Edge<T, TS>>>, CompareOp=__nv_bool (*)(const Edge<T, TS> &, const Edge<T, TS> &, const CUDAGraph::T *)]" 
/home/zlj/local/cuda-11.8/include/thrust/detail/sort.inl(55): here
            instantiation of "void thrust::sort(const thrust::detail::execution_policy_base<DerivedPolicy> &, RandomAccessIterator, RandomAccessIterator, StrictWeakOrdering) [with DerivedPolicy=thrust::cuda_cub::execute_on_stream, RandomAccessIterator=thrust::detail::normal_iterator<thrust::device_ptr<Edge<T, TS>>>, StrictWeakOrdering=__nv_bool (*)(const Edge<T, TS> &, const Edge<T, TS> &, const CUDAGraph::T *)]" 
/home/zlj/Starrygl-v2.0/csrc/include/starrygl/sample.cu.hpp(274): here
            instantiation of "Graph<T, TS>::Graph(T, T, const at::Tensor &, const at::Tensor &, const at::Tensor &, const at::Tensor &, pybind11::object) [with T=CUDAGraph::T, TS=CUDAGraph::TS]" 
/home/zlj/Starrygl-v2.0/csrc/include/starrygl/sample.cu.hpp(941): here

/home/zlj/local/cuda-11.8/include/thrust/system/cuda/detail/sort.h(81): error: too few arguments in function call
          detected during:
            instantiation of "Size thrust::cuda_cub::__merge_sort::merge_path(KeysIt1, KeysIt2, Size, Size, Size, BinaryPred) [with KeysIt1=Edge<T, TS> *, KeysIt2=Edge<T, TS> *, Size=long, BinaryPred=__nv_bool (*)(const Edge<T, TS> &, const Edge<T, TS> &, const CUDAGraph::T *)]" 
(691): here
            instantiation of "void thrust::cuda_cub::__merge_sort::PartitionAgent<KeysIt, Size, CompareOp>::entry(__nv_bool, KeysIt, thrust::cuda_cub::__merge_sort::PartitionAgent<KeysIt, Size, CompareOp>::key_type *, Size, Size, Size *, CompareOp, Size, int, char *) [with KeysIt=thrust::detail::normal_iterator<thrust::device_ptr<Edge<T, TS>>>, Size=signed long, CompareOp=__nv_bool (*)(const Edge<T, TS> &, const Edge<T, TS> &, const CUDAGraph::T *)]" 
/home/zlj/local/cuda-11.8/include/thrust/system/cuda/detail/core/agent_launcher.h(125): here
            instantiation of "void thrust::cuda_cub::core::_kernel_agent<Agent,_0,_1,_2,_3,_4,_5,_6,_7,_8>(_0, _1, _2, _3, _4, _5, _6, _7, _8) [with Agent=thrust::cuda_cub::__merge_sort::PartitionAgent<thrust::detail::normal_iterator<thrust::device_ptr<Edge<T, TS>>>, signed long, __nv_bool (*)(const Edge<T, TS> &, const Edge<T, TS> &, const CUDAGraph::T *)>, _0=__nv_bool, _1=thrust::detail::normal_iterator<thrust::device_ptr<Edge<T, TS>>>, _2=Edge<T, TS> *, _3=signed long, _4=size_t, _5=signed long *, _6=__nv_bool (*)(const Edge<T, TS> &, const Edge<T, TS> &, const CUDAGraph::T *), _7=signed long, _8=int]" 
/home/zlj/local/cuda-11.8/include/thrust/system/cuda/detail/core/agent_launcher.h(996): here
            instantiation of "void thrust::cuda_cub::core::AgentLauncher<Agent>::launch_impl(thrust::detail::true_type, _0, _1, _2, _3, _4, _5, _6, _7, _8) const [with Agent=thrust::cuda_cub::__merge_sort::PartitionAgent<thrust::detail::normal_iterator<thrust::device_ptr<Edge<T, TS>>>, signed long, __nv_bool (*)(const Edge<T, TS> &, const Edge<T, TS> &, const CUDAGraph::T *)>, _0=__nv_bool, _1=thrust::detail::normal_iterator<thrust::device_ptr<Edge<T, TS>>>, _2=Edge<T, TS> *, _3=signed long, _4=size_t, _5=signed long *, _6=__nv_bool (*)(const Edge<T, TS> &, const Edge<T, TS> &, const CUDAGraph::T *), _7=signed long, _8=int]" 
/home/zlj/local/cuda-11.8/include/thrust/system/cuda/detail/core/agent_launcher.h(1126): here
            instantiation of "void thrust::cuda_cub::core::AgentLauncher<Agent>::launch(_0, _1, _2, _3, _4, _5, _6, _7, _8) const [with Agent=thrust::cuda_cub::__merge_sort::PartitionAgent<thrust::detail::normal_iterator<thrust::device_ptr<Edge<T, TS>>>, signed long, __nv_bool (*)(const Edge<T, TS> &, const Edge<T, TS> &, const CUDAGraph::T *)>, _0=__nv_bool, _1=thrust::detail::normal_iterator<thrust::device_ptr<Edge<T, TS>>>, _2=Edge<T, TS> *, _3=signed long, _4=size_t, _5=signed long *, _6=__nv_bool (*)(const Edge<T, TS> &, const Edge<T, TS> &, const CUDAGraph::T *), _7=signed long, _8=int]" 
(1255): here
            instantiation of "cudaError_t thrust::cuda_cub::__merge_sort::doit_step<SORT_ITEMS,STABLE,KeysIt,ItemsIt,Size,CompareOp>(void *, size_t &, KeysIt, ItemsIt, Size, CompareOp, cudaStream_t, __nv_bool) [with SORT_ITEMS=thrust::detail::false_type, STABLE=thrust::detail::false_type, KeysIt=thrust::detail::normal_iterator<thrust::device_ptr<Edge<T, TS>>>, ItemsIt=Edge<T, TS> *, Size=signed long, CompareOp=__nv_bool (*)(const Edge<T, TS> &, const Edge<T, TS> &, const CUDAGraph::T *)]" 
(1304): here
            instantiation of "void thrust::cuda_cub::__merge_sort::merge_sort<SORT_ITEMS,STABLE,Derived,KeysIt,ItemsIt,CompareOp>(thrust::cuda_cub::execution_policy<Derived> &, KeysIt, KeysIt, ItemsIt, CompareOp) [with SORT_ITEMS=thrust::detail::false_type, STABLE=thrust::detail::false_type, Derived=thrust::cuda_cub::execute_on_stream, KeysIt=thrust::detail::normal_iterator<thrust::device_ptr<Edge<T, TS>>>, ItemsIt=Edge<T, TS> *, CompareOp=__nv_bool (*)(const Edge<T, TS> &, const Edge<T, TS> &, const CUDAGraph::T *)]" 
(1558): here
            instantiation of "thrust::cuda_cub::__smart_sort::enable_if_comparison_sort<KeysIt, CompareOp>::type thrust::cuda_cub::__smart_sort::smart_sort<SORT_ITEMS,STABLE,Policy,KeysIt,ItemsIt,CompareOp>(Policy &, KeysIt, KeysIt, ItemsIt, CompareOp) [with SORT_ITEMS=thrust::detail::false_type, STABLE=thrust::detail::false_type, Policy=thrust::cuda_cub::execution_policy<thrust::cuda_cub::execute_on_stream>, KeysIt=thrust::detail::normal_iterator<thrust::device_ptr<Edge<T, TS>>>, ItemsIt=Edge<T, TS> *, CompareOp=__nv_bool (*)(const Edge<T, TS> &, const Edge<T, TS> &, const CUDAGraph::T *)]" 
(1636): here
            instantiation of "void thrust::cuda_cub::sort(thrust::cuda_cub::execution_policy<Derived> &, ItemsIt, ItemsIt, CompareOp) [with Derived=thrust::cuda_cub::execute_on_stream, ItemsIt=thrust::detail::normal_iterator<thrust::device_ptr<Edge<T, TS>>>, CompareOp=__nv_bool (*)(const Edge<T, TS> &, const Edge<T, TS> &, const CUDAGraph::T *)]" 
/home/zlj/local/cuda-11.8/include/thrust/detail/sort.inl(55): here
            instantiation of "void thrust::sort(const thrust::detail::execution_policy_base<DerivedPolicy> &, RandomAccessIterator, RandomAccessIterator, StrictWeakOrdering) [with DerivedPolicy=thrust::cuda_cub::execute_on_stream, RandomAccessIterator=thrust::detail::normal_iterator<thrust::device_ptr<Edge<T, TS>>>, StrictWeakOrdering=__nv_bool (*)(const Edge<T, TS> &, const Edge<T, TS> &, const CUDAGraph::T *)]" 
/home/zlj/Starrygl-v2.0/csrc/include/starrygl/sample.cu.hpp(274): here
            instantiation of "Graph<T, TS>::Graph(T, T, const at::Tensor &, const at::Tensor &, const at::Tensor &, const at::Tensor &, pybind11::object) [with T=CUDAGraph::T, TS=CUDAGraph::TS]" 
/home/zlj/Starrygl-v2.0/csrc/include/starrygl/sample.cu.hpp(941): here

/home/zlj/local/cuda-11.8/targets/x86_64-linux/include/cub/thread/thread_operators.cuh(96): error: call of an object of a class type without appropriate operator() or conversion functions to pointer-to-function type
          detected during:
            instantiation of "__nv_bool cub::InequalityWrapper<EqualityOp>::operator()(const T &, const T &) [with EqualityOp=thrust::detail::normal_iterator<thrust::device_ptr<CUDAGraph::T>>, T=CUDAGraph::T]" 
/home/zlj/local/cuda-11.8/targets/x86_64-linux/include/cub/block/block_discontinuity.cuh(165): here
            instantiation of "__nv_bool cub::BlockDiscontinuity<T, BLOCK_DIM_X, BLOCK_DIM_Y, BLOCK_DIM_Z, PTX_ARCH>::ApplyOp<FlagOp, false>::FlagT(FlagOp, const T &, const T &, int) [with T=CUDAGraph::T, BLOCK_DIM_X=64, BLOCK_DIM_Y=1, BLOCK_DIM_Z=1, PTX_ARCH=520, FlagOp=cub::InequalityWrapper<thrust::detail::normal_iterator<thrust::device_ptr<CUDAGraph::T>>>]" 
/home/zlj/local/cuda-11.8/targets/x86_64-linux/include/cub/block/block_discontinuity.cuh(324): here
            instantiation of "void cub::BlockDiscontinuity<T, BLOCK_DIM_X, BLOCK_DIM_Y, BLOCK_DIM_Z, PTX_ARCH>::FlagHeads(FlagT (&)[ITEMS_PER_THREAD], T (&)[ITEMS_PER_THREAD], T (&)[ITEMS_PER_THREAD], FlagOp) [with T=CUDAGraph::T, BLOCK_DIM_X=64, BLOCK_DIM_Y=1, BLOCK_DIM_Z=1, PTX_ARCH=520, ITEMS_PER_THREAD=5, FlagT=int, FlagOp=cub::InequalityWrapper<thrust::detail::normal_iterator<thrust::device_ptr<CUDAGraph::T>>>]" 
/home/zlj/local/cuda-11.8/targets/x86_64-linux/include/cub/block/block_discontinuity.cuh(420): here
            instantiation of "void cub::BlockDiscontinuity<T, BLOCK_DIM_X, BLOCK_DIM_Y, BLOCK_DIM_Z, PTX_ARCH>::FlagHeads(FlagT (&)[ITEMS_PER_THREAD], T (&)[ITEMS_PER_THREAD], FlagOp) [with T=CUDAGraph::T, BLOCK_DIM_X=64, BLOCK_DIM_Y=1, BLOCK_DIM_Z=1, PTX_ARCH=520, ITEMS_PER_THREAD=5, FlagT=int, FlagOp=cub::InequalityWrapper<thrust::detail::normal_iterator<thrust::device_ptr<CUDAGraph::T>>>]" 
/home/zlj/local/cuda-11.8/include/thrust/system/cuda/detail/unique.h(348): here
            instantiation of "Size thrust::cuda_cub::__unique::UniqueAgent<ItemsIt, ItemsOutputIt, BinaryPred, Size, NumSelectedOutIt>::impl::consume_tile_impl<IS_LAST_TILE,IS_FIRST_TILE>(int, int, Size) [with ItemsIt=thrust::detail::normal_iterator<thrust::device_ptr<CUDAGraph::T>>, ItemsOutputIt=thrust::detail::normal_iterator<thrust::device_ptr<CUDAGraph::T>>, BinaryPred=thrust::detail::normal_iterator<thrust::device_ptr<CUDAGraph::T>>, Size=int, NumSelectedOutIt=int *, IS_LAST_TILE=false, IS_FIRST_TILE=true]" 
/home/zlj/local/cuda-11.8/include/thrust/system/cuda/detail/unique.h(440): here
            [ 7 instantiation contexts not shown ]
            instantiation of "ItemsOutputIt thrust::cuda_cub::__unique::unique(thrust::cuda_cub::execution_policy<Derived> &, ItemsInputIt, ItemsInputIt, ItemsOutputIt, BinaryPred) [with Derived=thrust::cuda_cub::execute_on_stream, ItemsInputIt=thrust::detail::normal_iterator<thrust::device_ptr<CUDAGraph::T>>, ItemsOutputIt=thrust::detail::normal_iterator<thrust::device_ptr<CUDAGraph::T>>, BinaryPred=thrust::detail::normal_iterator<thrust::device_ptr<CUDAGraph::T>>]" 
/home/zlj/local/cuda-11.8/include/thrust/system/cuda/detail/unique.h(730): here
            instantiation of "OutputIt thrust::cuda_cub::unique_copy(thrust::cuda_cub::execution_policy<Derived> &, InputIt, InputIt, OutputIt, BinaryPred) [with Derived=thrust::cuda_cub::execute_on_stream, InputIt=thrust::detail::normal_iterator<thrust::device_ptr<CUDAGraph::T>>, OutputIt=thrust::detail::normal_iterator<thrust::device_ptr<CUDAGraph::T>>, BinaryPred=thrust::detail::normal_iterator<thrust::device_ptr<CUDAGraph::T>>]" 
/home/zlj/local/cuda-11.8/include/thrust/system/cuda/detail/unique.h(773): here
            instantiation of "InputIt thrust::cuda_cub::unique(thrust::cuda_cub::execution_policy<Derived> &, InputIt, InputIt, BinaryPred) [with Derived=thrust::cuda_cub::execute_on_stream, InputIt=thrust::detail::normal_iterator<thrust::device_ptr<CUDAGraph::T>>, BinaryPred=thrust::detail::normal_iterator<thrust::device_ptr<CUDAGraph::T>>]" 
/home/zlj/local/cuda-11.8/include/thrust/detail/unique.inl(58): here
            instantiation of "ForwardIterator thrust::unique(const thrust::detail::execution_policy_base<DerivedPolicy> &, ForwardIterator, ForwardIterator, BinaryPredicate) [with DerivedPolicy=thrust::cuda_cub::execute_on_stream, ForwardIterator=thrust::detail::normal_iterator<thrust::device_ptr<CUDAGraph::T>>, BinaryPredicate=thrust::detail::normal_iterator<thrust::device_ptr<CUDAGraph::T>>]" 
/home/zlj/Starrygl-v2.0/csrc/include/starrygl/sample.cu.hpp(300): here
            instantiation of "Graph<T, TS>::Graph(T, T, const at::Tensor &, const at::Tensor &, const at::Tensor &, const at::Tensor &, pybind11::object) [with T=CUDAGraph::T, TS=CUDAGraph::TS]" 
/home/zlj/Starrygl-v2.0/csrc/include/starrygl/sample.cu.hpp(941): here

/home/zlj/Starrygl-v2.0/csrc/include/starrygl/sample.cu.hpp(524): error: no instance of overloaded function "filter_seeds_kernel" matches the argument list
            argument types are: (const CUDAGraph::T *, const CUDAGraph::T *, const CUDAGraph::T *, const CUDAGraph::T *, const CUDAGraph::T *, const CUDAGraph::T *, std::size_t, CUDAGraph::TS, CUDAGraph::TS, CUDAGraph::T *, const CUDAGraph::T, const CUDAGraph::T *)
          detected during:
            instantiation of "void Graph<T, TS>::get_seeds_in_chunks(const thrust::device_vector<T, thrust::device_allocator<T>> &, TS, TS, thrust::device_vector<T, thrust::device_allocator<T>> &, thrust::device_vector<TS, thrust::device_allocator<TS>> &, thrust::device_vector<T, thrust::device_allocator<T>> &, thrust::device_vector<T, thrust::device_allocator<T>> &) const [with T=CUDAGraph::T, TS=CUDAGraph::TS]" 
(427): here
            instantiation of "TemporalBlock<T, TS> Graph<T, TS>::sample_src_in_chunks_khop(const thrust::device_vector<T, thrust::device_allocator<T>> &, T, int, TS, TS, const thrust::device_vector<T, thrust::device_allocator<T>> &) const [with T=CUDAGraph::T, TS=CUDAGraph::TS]" 
(909): here

/home/zlj/Starrygl-v2.0/csrc/include/starrygl/sample.cu.hpp(553): error: no instance of overloaded function "collect_seeds_kernel" matches the argument list
            argument types are: (CUDAGraph::T *, const CUDAGraph::T *, const CUDAGraph::T *, const CUDAGraph::T *, const CUDAGraph::T *, const CUDAGraph::T *, const CUDAGraph::T *, const CUDAGraph::T *, CUDAGraph::T *, CUDAGraph::T *, thrust::device_vector<CUDAGraph::T, thrust::device_allocator<CUDAGraph::T>>, std::size_t, CUDAGraph::T, std::size_t, CUDAGraph::T *, CUDAGraph::T *, CUDAGraph::TS, CUDAGraph::TS)
          detected during:
            instantiation of "void Graph<T, TS>::get_seeds_in_chunks(const thrust::device_vector<T, thrust::device_allocator<T>> &, TS, TS, thrust::device_vector<T, thrust::device_allocator<T>> &, thrust::device_vector<TS, thrust::device_allocator<TS>> &, thrust::device_vector<T, thrust::device_allocator<T>> &, thrust::device_vector<T, thrust::device_allocator<T>> &) const [with T=CUDAGraph::T, TS=CUDAGraph::TS]" 
(427): here
            instantiation of "TemporalBlock<T, TS> Graph<T, TS>::sample_src_in_chunks_khop(const thrust::device_vector<T, thrust::device_allocator<T>> &, T, int, TS, TS, const thrust::device_vector<T, thrust::device_allocator<T>> &) const [with T=CUDAGraph::T, TS=CUDAGraph::TS]" 
(909): here

/home/zlj/Starrygl-v2.0/csrc/include/starrygl/sample.cu.hpp(427): error: qualifiers dropped in binding reference of type "thrust::device_vector<CUDAGraph::T, thrust::device_allocator<CUDAGraph::T>> &" to initializer of type "const thrust::device_vector<CUDAGraph::T, thrust::device_allocator<CUDAGraph::T>>"
          detected during instantiation of "TemporalBlock<T, TS> Graph<T, TS>::sample_src_in_chunks_khop(const thrust::device_vector<T, thrust::device_allocator<T>> &, T, int, TS, TS, const thrust::device_vector<T, thrust::device_allocator<T>> &) const [with T=CUDAGraph::T, TS=CUDAGraph::TS]" 
(909): here

/home/zlj/local/cuda-11.8/include/thrust/detail/copy.inl(103): error: class "thrust::iterator_system<thrust::device_vector<CUDAGraph::T, thrust::device_allocator<CUDAGraph::T>>>" has no member "type"
          detected during:
            instantiation of "OutputIterator thrust::copy(InputIterator, InputIterator, OutputIterator) [with InputIterator=thrust::detail::normal_iterator<thrust::device_ptr<CUDAGraph::T>>, OutputIterator=thrust::device_vector<CUDAGraph::T, thrust::device_allocator<CUDAGraph::T>>]" 
/home/zlj/Starrygl-v2.0/csrc/include/starrygl/sample.cu.hpp(439): here
            instantiation of "TemporalBlock<T, TS> Graph<T, TS>::sample_src_in_chunks_khop(const thrust::device_vector<T, thrust::device_allocator<T>> &, T, int, TS, TS, const thrust::device_vector<T, thrust::device_allocator<T>> &) const [with T=CUDAGraph::T, TS=CUDAGraph::TS]" 
/home/zlj/Starrygl-v2.0/csrc/include/starrygl/sample.cu.hpp(909): here

/home/zlj/local/cuda-11.8/include/thrust/detail/copy.inl(108): error: no instance of function template "thrust::detail::two_system_copy" matches the argument list
            argument types are: (System1, System2, thrust::detail::normal_iterator<thrust::device_ptr<CUDAGraph::T>>, thrust::detail::normal_iterator<thrust::device_ptr<CUDAGraph::T>>, thrust::device_vector<CUDAGraph::T, thrust::device_allocator<CUDAGraph::T>>)
          detected during:
            instantiation of "OutputIterator thrust::copy(InputIterator, InputIterator, OutputIterator) [with InputIterator=thrust::detail::normal_iterator<thrust::device_ptr<CUDAGraph::T>>, OutputIterator=thrust::device_vector<CUDAGraph::T, thrust::device_allocator<CUDAGraph::T>>]" 
/home/zlj/Starrygl-v2.0/csrc/include/starrygl/sample.cu.hpp(439): here
            instantiation of "TemporalBlock<T, TS> Graph<T, TS>::sample_src_in_chunks_khop(const thrust::device_vector<T, thrust::device_allocator<T>> &, T, int, TS, TS, const thrust::device_vector<T, thrust::device_allocator<T>> &) const [with T=CUDAGraph::T, TS=CUDAGraph::TS]" 
/home/zlj/Starrygl-v2.0/csrc/include/starrygl/sample.cu.hpp(909): here

/home/zlj/Starrygl-v2.0/csrc/include/starrygl/sample.cu.hpp(452): error: no instance of overloaded function "static_neighbor_num" matches the argument list
            argument types are: (CUDAGraph::T *, CUDAGraph::TS *, CUDAGraph::T, CUDAGraph::T, const CUDAGraph::T *, const CUDAGraph::T *, const CUDAGraph::T *, CUDAGraph::T *, __nv_bool *)
          detected during instantiation of "TemporalBlock<T, TS> Graph<T, TS>::sample_src_in_chunks_khop(const thrust::device_vector<T, thrust::device_allocator<T>> &, T, int, TS, TS, const thrust::device_vector<T, thrust::device_allocator<T>> &) const [with T=CUDAGraph::T, TS=CUDAGraph::TS]" 
(909): here

/home/zlj/Starrygl-v2.0/csrc/include/starrygl/sample.cu.hpp(493): error: no instance of function template "thrust::raw_pointer_cast" matches the argument list
            argument types are: (thrust::device_ptr<CUDAGraph::T>, CUDAGraph::T)
          detected during instantiation of "TemporalBlock<T, TS> Graph<T, TS>::sample_src_in_chunks_khop(const thrust::device_vector<T, thrust::device_allocator<T>> &, T, int, TS, TS, const thrust::device_vector<T, thrust::device_allocator<T>> &) const [with T=CUDAGraph::T, TS=CUDAGraph::TS]" 
(909): here

/home/zlj/Starrygl-v2.0/csrc/include/starrygl/sample.cu.hpp(494): error: no instance of function template "thrust::raw_pointer_cast" matches the argument list
            argument types are: (thrust::device_ptr<CUDAGraph::T>, CUDAGraph::T)
          detected during instantiation of "TemporalBlock<T, TS> Graph<T, TS>::sample_src_in_chunks_khop(const thrust::device_vector<T, thrust::device_allocator<T>> &, T, int, TS, TS, const thrust::device_vector<T, thrust::device_allocator<T>> &) const [with T=CUDAGraph::T, TS=CUDAGraph::TS]" 
(909): here

/home/zlj/Starrygl-v2.0/csrc/include/starrygl/sample.cu.hpp(495): error: no instance of function template "thrust::raw_pointer_cast" matches the argument list
            argument types are: (thrust::device_ptr<CUDAGraph::T>, CUDAGraph::T)
          detected during instantiation of "TemporalBlock<T, TS> Graph<T, TS>::sample_src_in_chunks_khop(const thrust::device_vector<T, thrust::device_allocator<T>> &, T, int, TS, TS, const thrust::device_vector<T, thrust::device_allocator<T>> &) const [with T=CUDAGraph::T, TS=CUDAGraph::TS]" 
(909): here

/home/zlj/Starrygl-v2.0/csrc/include/starrygl/sample.cu.hpp(496): error: no instance of function template "thrust::raw_pointer_cast" matches the argument list
            argument types are: (thrust::device_ptr<CUDAGraph::T>, CUDAGraph::T)
          detected during instantiation of "TemporalBlock<T, TS> Graph<T, TS>::sample_src_in_chunks_khop(const thrust::device_vector<T, thrust::device_allocator<T>> &, T, int, TS, TS, const thrust::device_vector<T, thrust::device_allocator<T>> &) const [with T=CUDAGraph::T, TS=CUDAGraph::TS]" 
(909): here

/home/zlj/Starrygl-v2.0/csrc/include/starrygl/sample.cu.hpp(482): error: no instance of overloaded function "sample_single_hop_kernel" matches the argument list
            argument types are: (CUDAGraph::T *, CUDAGraph::TS *, CUDAGraph::T, CUDAGraph::T, const CUDAGraph::T *, const CUDAGraph::T *, const CUDAGraph::T *, const CUDAGraph::T *, const CUDAGraph::T *, CUDAGraph::TS, CUDAGraph::TS, <error-type>, <error-type>, <error-type>, <error-type>, __nv_bool *)
          detected during instantiation of "TemporalBlock<T, TS> Graph<T, TS>::sample_src_in_chunks_khop(const thrust::device_vector<T, thrust::device_allocator<T>> &, T, int, TS, TS, const thrust::device_vector<T, thrust::device_allocator<T>> &) const [with T=CUDAGraph::T, TS=CUDAGraph::TS]" 
(909): here

/home/zlj/Starrygl-v2.0/csrc/include/starrygl/sample.cu.hpp(502): error: no instance of overloaded function "thrust::device_vector<T, Alloc>::insert [with T=CUDAGraph::T, Alloc=thrust::device_allocator<CUDAGraph::T>]" matches the argument list
            argument types are: (CUDAGraph::T)
            object type is: thrust::device_vector<CUDAGraph::T, thrust::device_allocator<CUDAGraph::T>>
          detected during instantiation of "TemporalBlock<T, TS> Graph<T, TS>::sample_src_in_chunks_khop(const thrust::device_vector<T, thrust::device_allocator<T>> &, T, int, TS, TS, const thrust::device_vector<T, thrust::device_allocator<T>> &) const [with T=CUDAGraph::T, TS=CUDAGraph::TS]" 
(909): here

/home/zlj/Starrygl-v2.0/csrc/include/starrygl/sample.cu.hpp(504): error: no instance of function template "thrust::raw_pointer_cast" matches the argument list
            argument types are: (thrust::device_ptr<CUDAGraph::T>, CUDAGraph::T)
          detected during instantiation of "TemporalBlock<T, TS> Graph<T, TS>::sample_src_in_chunks_khop(const thrust::device_vector<T, thrust::device_allocator<T>> &, T, int, TS, TS, const thrust::device_vector<T, thrust::device_allocator<T>> &) const [with T=CUDAGraph::T, TS=CUDAGraph::TS]" 
(909): here

22 errors detected in the compilation of "/home/zlj/Starrygl-v2.0/csrc/srcs/starrygl/export.cu".
make[2]: *** [CMakeFiles/starrygl_comm.dir/build.make:80: CMakeFiles/starrygl_comm.dir/csrc/srcs/starrygl/export.cu.o] Error 1
make[1]: *** [CMakeFiles/Makefile2:114: CMakeFiles/starrygl_comm.dir/all] Error 2
make: *** [Makefile:94: all] Error 2
